<?xml version="1.0" encoding="UTF-8" ?>
<testsuite tests="2" failures="1" name="co.edu.icesi.ketal.test.distribution.DistributionTest" time="67.076" errors="0" skipped="0">
  <properties>
[...]
</properties>
  <testcase classname="co.edu.icesi.ketal.test.distribution.DistributionTest" name="testAutomatonRecognizer" time="29.072">
    <failure type="java.lang.AssertionError">java.lang.AssertionError
	at org.junit.Assert.fail(Assert.java:86)
	at org.junit.Assert.assertTrue(Assert.java:41)
	at org.junit.Assert.assertTrue(Assert.java:52)
	at co.edu.icesi.ketal.test.distribution.DistributionTest.testAutomatonRecognizer(DistributionTest.java:124)
	at sun.reflect.NativeMethodAccessorImpl.invoke0(Native Method)
	at sun.reflect.NativeMethodAccessorImpl.invoke(NativeMethodAccessorImpl.java:62)
	at sun.reflect.DelegatingMethodAccessorImpl.invoke(DelegatingMethodAccessorImpl.java:43)
	at java.lang.reflect.Method.invoke(Method.java:497)
	at org.junit.runners.model.FrameworkMethod$1.runReflectiveCall(FrameworkMethod.java:47)
	at org.junit.internal.runners.model.ReflectiveCallable.run(ReflectiveCallable.java:12)
	at org.junit.runners.model.FrameworkMethod.invokeExplosively(FrameworkMethod.java:44)
	at org.junit.internal.runners.statements.InvokeMethod.evaluate(InvokeMethod.java:17)
	at org.junit.internal.runners.statements.RunBefores.evaluate(RunBefores.java:26)
	at org.junit.internal.runners.statements.RunAfters.evaluate(RunAfters.java:27)
	at org.junit.runners.ParentRunner.runLeaf(ParentRunner.java:271)
	at org.junit.runners.BlockJUnit4ClassRunner.runChild(BlockJUnit4ClassRunner.java:70)
	at org.junit.runners.BlockJUnit4ClassRunner.runChild(BlockJUnit4ClassRunner.java:50)
	at org.junit.runners.ParentRunner$3.run(ParentRunner.java:238)
	at org.junit.runners.ParentRunner$1.schedule(ParentRunner.java:63)
	at org.junit.runners.ParentRunner.runChildren(ParentRunner.java:236)
	at org.junit.runners.ParentRunner.access$000(ParentRunner.java:53)
	at org.junit.runners.ParentRunner$2.evaluate(ParentRunner.java:229)
	at org.junit.runners.ParentRunner.run(ParentRunner.java:309)
	at org.apache.maven.surefire.junit4.JUnit4TestSet.execute(JUnit4TestSet.java:53)
	at org.apache.maven.surefire.junit4.JUnit4Provider.executeTestSet(JUnit4Provider.java:123)
	at org.apache.maven.surefire.junit4.JUnit4Provider.invoke(JUnit4Provider.java:104)
	at sun.reflect.NativeMethodAccessorImpl.invoke0(Native Method)
	at sun.reflect.NativeMethodAccessorImpl.invoke(NativeMethodAccessorImpl.java:62)
	at sun.reflect.DelegatingMethodAccessorImpl.invoke(DelegatingMethodAccessorImpl.java:43)
	at java.lang.reflect.Method.invoke(Method.java:497)
	at org.apache.maven.surefire.util.ReflectionUtils.invokeMethodWithArray(ReflectionUtils.java:164)
	at org.apache.maven.surefire.booter.ProviderFactory$ProviderProxy.invoke(ProviderFactory.java:110)
	at org.apache.maven.surefire.booter.SurefireStarter.invokeProvider(SurefireStarter.java:175)
	at org.apache.maven.surefire.booter.SurefireStarter.runSuitesInProcessWhenForked(SurefireStarter.java:107)
	at org.apache.maven.surefire.booter.ForkedBooter.main(ForkedBooter.java:68)
</failure>
    <system-out>
-------------------------------------------------------------------
GMS: address=mbp-de-luis-2-38740, cluster=ASYNC-UNO, physical address=fe80:0:0:0:c950:91c7:d3f1:d4a3%12:64284
-------------------------------------------------------------------
** view: [mbp-de-luis-2-38740|0] (1) [mbp-de-luis-2-38740]

-------------------------------------------------------------------
GMS: address=mbp-de-luis-2-54724, cluster=SYNC-UNO, physical address=fe80:0:0:0:c950:91c7:d3f1:d4a3%12:64285
-------------------------------------------------------------------

-------------------------------------------------------------------
GMS: address=mbp-de-luis-2-30442, cluster=ASYNC-UNO, physical address=fe80:0:0:0:c950:91c7:d3f1:d4a3%12:64286
-------------------------------------------------------------------
** view: [mbp-de-luis-2-30442|0] (1) [mbp-de-luis-2-30442]

-------------------------------------------------------------------
GMS: address=mbp-de-luis-2-13059, cluster=SYNC-UNO, physical address=fe80:0:0:0:c950:91c7:d3f1:d4a3%12:64287
-------------------------------------------------------------------
app Vector[2,]

new Vector: null[1,]

1877064120- KetalHandler! Event: c Metadata: null
app Vector[2,]

new Vector: null[2,]

1877064120- KetalHandler! Event: a Metadata: null
app Vector[2,]

new Vector: null[1,]

1952388459- KetalHandler! Event: a Metadata: null
app Vector[2,]

new Vector: null[2,]

1952388459- KetalHandler! Event: b Metadata: null
</system-out>
    <system-err>jun 13, 2016 9:26:40 AM org.jgroups.stack.Configurator resolveAndAssignField
ADVERTENCIA: JGRP000014: TP.loopback has been deprecated: enabled by default
jun 13, 2016 9:26:40 AM org.jgroups.stack.Configurator resolveAndAssignField
ADVERTENCIA: JGRP000014: TP.enable_bundling has been deprecated: will be ignored as bundling is on by default
jun 13, 2016 9:26:40 AM org.jgroups.stack.Configurator resolveAndAssignField
ADVERTENCIA: JGRP000014: Discovery.timeout has been deprecated: GMS.join_timeout should be used instead
jun 13, 2016 9:26:40 AM org.jgroups.stack.Configurator resolveAndAssignField
ADVERTENCIA: JGRP000014: Discovery.num_initial_members has been deprecated: will be ignored
jun 13, 2016 9:26:40 AM org.jgroups.stack.Configurator resolveAndInvokePropertyMethod
ADVERTENCIA: JGRP000014: UNICAST.setTimeout has been deprecated: not used anymore
jun 13, 2016 9:26:40 AM org.jgroups.util.SuppressLog log
ADVERTENCIA: JGRP000034: mbp-de-luis-2-38740: failure sending message to /ff0e:0:0:0:0:0:e408:808: java.io.IOException: No buffer space available
jun 13, 2016 9:26:40 AM org.jgroups.util.SuppressLog log
ADVERTENCIA: JGRP000034: mbp-de-luis-2-22274: failure sending message to /fe80:0:0:0:c950:91c7:d3f1:d4a3%12: java.io.IOException: No buffer space available
jun 13, 2016 9:26:42 AM org.jgroups.protocols.TP sendToSingleMember
ADVERTENCIA: JGRP000032: mbp-de-luis-2-22274: no physical address for mbp-de-luis-2-51648, dropping message
jun 13, 2016 9:26:51 AM org.jgroups.util.SuppressLog log
ADVERTENCIA: JGRP000034: mbp-de-luis-2-54724: failure sending message to /ff0e:0:0:0:0:8:8:8: java.io.IOException: No buffer space available
jun 13, 2016 9:26:51 AM org.jgroups.util.SuppressLog log
ADVERTENCIA: JGRP000034: mbp-de-luis-2-57236: failure sending message to /fe80:0:0:0:c950:91c7:d3f1:d4a3%12: java.io.IOException: No buffer space available
jun 13, 2016 9:26:52 AM org.jgroups.util.SuppressLog log
ADVERTENCIA: JGRP000034: mbp-de-luis-2-38740: failure sending message to /fe80:0:0:0:c950:91c7:d3f1:d4a3%12: java.io.IOException: No buffer space available
jun 13, 2016 9:26:53 AM org.jgroups.stack.Configurator resolveAndAssignField
ADVERTENCIA: JGRP000014: TP.loopback has been deprecated: enabled by default
jun 13, 2016 9:26:53 AM org.jgroups.stack.Configurator resolveAndAssignField
ADVERTENCIA: JGRP000014: TP.enable_bundling has been deprecated: will be ignored as bundling is on by default
jun 13, 2016 9:26:53 AM org.jgroups.stack.Configurator resolveAndAssignField
ADVERTENCIA: JGRP000014: Discovery.timeout has been deprecated: GMS.join_timeout should be used instead
jun 13, 2016 9:26:53 AM org.jgroups.stack.Configurator resolveAndAssignField
ADVERTENCIA: JGRP000014: Discovery.num_initial_members has been deprecated: will be ignored
jun 13, 2016 9:26:53 AM org.jgroups.stack.Configurator resolveAndInvokePropertyMethod
ADVERTENCIA: JGRP000014: UNICAST.setTimeout has been deprecated: not used anymore
jun 13, 2016 9:26:53 AM org.jgroups.util.SuppressLog log
ADVERTENCIA: JGRP000034: mbp-de-luis-2-30442: failure sending message to /ff0e:0:0:0:0:0:e408:808: java.io.IOException: No buffer space available
jun 13, 2016 9:26:58 AM org.jgroups.util.SuppressLog log
ADVERTENCIA: JGRP000034: mbp-de-luis-2-13059: failure sending message to /ff0e:0:0:0:0:8:8:8: java.io.IOException: No buffer space available
jun 13, 2016 9:26:58 AM org.jgroups.util.SuppressLog log
ADVERTENCIA: JGRP000034: mbp-de-luis-2-54724: failure sending message to /fe80:0:0:0:c950:91c7:d3f1:d4a3%12: java.io.IOException: No buffer space available
jun 13, 2016 9:26:59 AM org.jgroups.protocols.TP sendToSingleMember
ADVERTENCIA: JGRP000032: mbp-de-luis-2-38740: no physical address for mbp-de-luis-2-51648, dropping message
jun 13, 2016 9:26:59 AM org.jgroups.protocols.TP sendToSingleMember
ADVERTENCIA: JGRP000032: mbp-de-luis-2-22274: no physical address for mbp-de-luis-2-51648, dropping message
jun 13, 2016 9:26:59 AM org.jgroups.protocols.TP sendToSingleMember
ADVERTENCIA: JGRP000032: mbp-de-luis-2-30442: no physical address for mbp-de-luis-2-22274, dropping message
jun 13, 2016 9:26:59 AM org.jgroups.protocols.TP sendToSingleMember
ADVERTENCIA: JGRP000032: mbp-de-luis-2-30442: no physical address for mbp-de-luis-2-51648, dropping message
jun 13, 2016 9:26:59 AM org.jgroups.util.SuppressLog log
ADVERTENCIA: JGRP000034: mbp-de-luis-2-30442: failure sending message to /fe80:0:0:0:c950:91c7:d3f1:d4a3%12: java.io.IOException: No buffer space available
jun 13, 2016 9:27:05 AM org.jgroups.protocols.TP sendToSingleMember
ADVERTENCIA: JGRP000032: mbp-de-luis-2-22274: no physical address for mbp-de-luis-2-51648, dropping message
jun 13, 2016 9:27:05 AM org.jgroups.protocols.TP sendToSingleMember
ADVERTENCIA: JGRP000032: mbp-de-luis-2-30442: no physical address for mbp-de-luis-2-51648, dropping message
jun 13, 2016 9:27:05 AM org.jgroups.protocols.TP sendToSingleMember
ADVERTENCIA: JGRP000032: mbp-de-luis-2-38740: no physical address for mbp-de-luis-2-51648, dropping message
Upwarding: []Downwarding: []
Colocando un vector en el Eventojun 13, 2016 9:27:05 AM org.jgroups.util.SuppressLog log
ADVERTENCIA: JGRP000011: mbp-de-luis-2-22274: dropped message 1 from non-member mbp-de-luis-2-38740 (view=[mbp-de-luis-2-22274|0] (1) [mbp-de-luis-2-22274])
jun 13, 2016 9:27:05 AM org.jgroups.util.SuppressLog log
ADVERTENCIA: JGRP000011: mbp-de-luis-2-30442: dropped message 1 from non-member mbp-de-luis-2-38740 (view=[mbp-de-luis-2-30442|0] (1) [mbp-de-luis-2-30442])
jun 13, 2016 9:27:05 AM org.jgroups.util.SuppressLog log
ADVERTENCIA: JGRP000011: mbp-de-luis-2-51648: dropped message 1 from non-member mbp-de-luis-2-38740 (view=[mbp-de-luis-2-51648|0] (1) [mbp-de-luis-2-51648])
Sin ordenamiento: ----1877064120- Processing: c
Upwarding: []Downwarding: []
Colocando un vector en el EventoSin ordenamiento: ----1877064120- Processing: a
Upwarding: []Downwarding: []
Colocando un vector en el Eventojun 13, 2016 9:27:07 AM org.jgroups.util.SuppressLog log
ADVERTENCIA: JGRP000011: mbp-de-luis-2-38740: dropped message 1 from non-member mbp-de-luis-2-30442 (view=[mbp-de-luis-2-38740|0] (1) [mbp-de-luis-2-38740])
Sin ordenamiento: ----jun 13, 2016 9:27:07 AM org.jgroups.util.SuppressLog log
ADVERTENCIA: JGRP000011: mbp-de-luis-2-51648: dropped message 1 from non-member mbp-de-luis-2-30442 (view=[mbp-de-luis-2-51648|0] (1) [mbp-de-luis-2-51648])
jun 13, 2016 9:27:07 AM org.jgroups.util.SuppressLog log
ADVERTENCIA: JGRP000011: mbp-de-luis-2-22274: dropped message 1 from non-member mbp-de-luis-2-30442 (view=[mbp-de-luis-2-22274|0] (1) [mbp-de-luis-2-22274])
1952388459- Processing: a
Upwarding: []Downwarding: []
Colocando un vector en el EventoSin ordenamiento: ----1952388459- Processing: b
</system-err>
  </testcase>
  <testcase classname="co.edu.icesi.ketal.test.distribution.DistributionTest" name="testMessageSending" time="38.002"/>
</testsuite>